[debug] > Exec(early(addDefaultCommands), None, None)
[debug] > Exec(addDefaultCommands, None, None)
[debug] > Exec(early(initialize), None, None)
[debug] > Exec(initialize, None, None)
[debug] > Exec(early(addPluginSbtFile="""C:\Users\0zzda\AppData\Local\Temp\idea.sbt"""), None, None)
[debug] > Exec(addPluginSbtFile="""C:\Users\0zzda\AppData\Local\Temp\idea.sbt""", None, None)
[debug] > Exec(boot, None, None)
[debug] > Exec(writeSbtVersion, None, None)
[debug] > Exec(reload, None, None)
[debug] > Exec(sbtStashOnFailure, None, None)
[debug] > Exec(onFailure loadFailed, None, None)
[debug] > Exec(loadp, None, None)
[info] welcome to sbt 1.5.7 (Oracle Corporation Java 17)
[debug]       Load.loadUnit: plugins took 203.7869ms
[debug]       Load.loadUnit: defsScala took 0.7691ms
[debug] [Loading] Scanning directory C:\Users\0zzda\.sbt\1.0\plugins
[debug] [Loading] Found non-root projects 
[debug] [Loading] Done in C:\Users\0zzda\.sbt\1.0\plugins, returning: ()
[debug] deducing auto plugins based on known facts Set(Atom(sbt.plugins.CorePlugin)) and clauses Clauses(Clause(Atom(sbt.plugins.JvmPlugin),Set(Atom(sbt.plugins.IvyPlugin)))
[debug] Clause(Atom(sbt.ScriptedPlugin),Set(Atom(sbt.plugins.JvmPlugin)))
[debug] Clause(Atom(sbt.plugins.SbtPlugin),Set(Atom(sbt.ScriptedPlugin)))
[debug] Clause(Atom(sbt.plugins.SemanticdbPlugin),Set(Atom(sbt.plugins.JvmPlugin)))
[debug] Clause(Atom(sbt.plugins.JUnitXmlReportPlugin),Set(Atom(sbt.plugins.JvmPlugin)))
[debug] Clause(Atom(sbt.plugins.MiniDependencyTreePlugin),Set(Atom(sbt.plugins.JvmPlugin)))
[debug] Clause(Atom(sbt.plugins.CorePlugin),Set(Atom(sbt.plugins.IvyPlugin)))
[debug] Clause(Atom(sbt.plugins.IvyPlugin),Set(Atom(sbt.plugins.JvmPlugin)))
[debug] Clause(Atom(sbt.plugins.JvmPlugin),Set(Atom(sbt.plugins.SemanticdbPlugin)))
[debug] Clause(Atom(sbt.plugins.JvmPlugin),Set(Atom(sbt.plugins.JUnitXmlReportPlugin)))
[debug] Clause(Atom(sbt.plugins.CorePlugin),Set(Atom(sbt.plugins.Giter8TemplatePlugin)))
[debug] Clause(Atom(sbt.plugins.JvmPlugin),Set(Atom(sbt.plugins.MiniDependencyTreePlugin))))
[debug]   :: deduced result: Matched(sbt.plugins.CorePlugin,sbt.plugins.Giter8TemplatePlugin,sbt.plugins.IvyPlugin,sbt.plugins.JvmPlugin,sbt.plugins.MiniDependencyTreePlugin,sbt.plugins.JUnitXmlReportPlugin,sbt.plugins.SemanticdbPlugin)
[debug] Plugins.deducer#function took 28.1228 ms
[debug]           Load.resolveProject(global-plugins) took 65.3328ms
[debug]         Load.loadTransitive: finalizeProject(Project(id global-plugins, base: C:\Users\0zzda\.sbt\1.0\plugins, plugins: List(<none>))) took 127.1972ms
[debug] [Loading] Done in C:\Users\0zzda\.sbt\1.0\plugins, returning: (global-plugins)
[debug]       Load.loadUnit: loadedProjectsRaw took 160.3356ms
[debug]       Load.loadUnit: cleanEvalClasses took 0.4514ms
[debug]     Load.loadUnit(file:/C:/Users/0zzda/.sbt/1.0/plugins/, ...) took 381.093ms
[debug]   Load.apply: load took 684.3391ms
[debug]   Load.apply: resolveProjects took 10.9083ms
[debug]   Load.apply: finalTransforms took 110.3207ms
[debug]   Load.apply: config.delegates took 21.1342ms
[debug]   Load.apply: Def.make(settings)... took 807.4567ms
[debug]   Load.apply: structureIndex took 199.8156ms
[debug]   Load.apply: mkStreams took 3.1433ms
[info] loading global plugins from C:\Users\0zzda\.sbt\1.0\plugins
[debug] Running task... Cancel: Signal, check cycles: false, forcegc: true
[debug] Load.defaultLoad until apply took 6016.8961ms
[debug]           Load.loadUnit: plugins took 52.6388ms
[debug]           Load.loadUnit: defsScala took 0.0251ms
[debug] [Loading] Scanning directory C:\Users\0zzda\IdeaProjects\PROG_1\project
[debug]             Load.loadUnit: mkEval took 14.321ms
[debug] [Loading] Found non-root projects 
[debug] [Loading] Done in C:\Users\0zzda\IdeaProjects\PROG_1\project, returning: ()
[debug] deducing auto plugins based on known facts Set(Atom(sbt.plugins.CorePlugin)) and clauses Clauses(Clause(Atom(sbt.plugins.JvmPlugin),Set(Atom(sbt.plugins.IvyPlugin)))
[debug] Clause(Atom(sbt.ScriptedPlugin),Set(Atom(sbt.plugins.JvmPlugin)))
[debug] Clause(Atom(sbt.plugins.SbtPlugin),Set(Atom(sbt.ScriptedPlugin)))
[debug] Clause(Atom(sbt.plugins.SemanticdbPlugin),Set(Atom(sbt.plugins.JvmPlugin)))
[debug] Clause(Atom(sbt.plugins.JUnitXmlReportPlugin),Set(Atom(sbt.plugins.JvmPlugin)))
[debug] Clause(Atom(sbt.plugins.MiniDependencyTreePlugin),Set(Atom(sbt.plugins.JvmPlugin)))
[debug] Clause(Atom(sbt.plugins.CorePlugin),Set(Atom(sbt.plugins.IvyPlugin)))
[debug] Clause(Atom(sbt.plugins.IvyPlugin),Set(Atom(sbt.plugins.JvmPlugin)))
[debug] Clause(Atom(sbt.plugins.JvmPlugin),Set(Atom(sbt.plugins.SemanticdbPlugin)))
[debug] Clause(Atom(sbt.plugins.JvmPlugin),Set(Atom(sbt.plugins.JUnitXmlReportPlugin)))
[debug] Clause(Atom(sbt.plugins.CorePlugin),Set(Atom(sbt.plugins.Giter8TemplatePlugin)))
[debug] Clause(Atom(sbt.plugins.JvmPlugin),Set(Atom(sbt.plugins.MiniDependencyTreePlugin))))
[debug]   :: deduced result: Matched(sbt.plugins.CorePlugin,sbt.plugins.Giter8TemplatePlugin,sbt.plugins.IvyPlugin,sbt.plugins.JvmPlugin,sbt.plugins.MiniDependencyTreePlugin,sbt.plugins.JUnitXmlReportPlugin,sbt.plugins.SemanticdbPlugin)
[debug] Plugins.deducer#function took 3.1178 ms
[info] loading settings for project prog_1-build from idea.sbt ...
[debug]               Load.resolveProject(prog_1-build) took 4.125ms
[debug]             Load.loadTransitive: finalizeProject(Project(id prog_1-build, base: C:\Users\0zzda\IdeaProjects\PROG_1\project, plugins: List(<none>))) took 8.1027ms
[debug] [Loading] Done in C:\Users\0zzda\IdeaProjects\PROG_1\project, returning: (prog_1-build)
[debug]           Load.loadUnit: loadedProjectsRaw took 294.1992ms
[debug]           Load.loadUnit: cleanEvalClasses took 11.7792ms
[debug]         Load.loadUnit(file:/C:/Users/0zzda/IdeaProjects/PROG_1/project/, ...) took 360.7674ms
[debug]       Load.apply: load took 363.9039ms
[debug]       Load.apply: resolveProjects took 0.2806ms
[debug]       Load.apply: finalTransforms took 28.2635ms
[debug]       Load.apply: config.delegates took 0.5866ms
[debug]       Load.apply: Def.make(settings)... took 206.027ms
[debug]       Load.apply: structureIndex took 111.8433ms
[debug]       Load.apply: mkStreams took 0.0029ms
[info] loading project definition from C:\Users\0zzda\IdeaProjects\PROG_1\project
[debug] Running task... Cancel: Signal, check cycles: false, forcegc: true
[debug]     Load.loadUnit: plugins took 1834.23ms
[debug]     Load.loadUnit: defsScala took 0.0101ms
[debug] [Loading] Scanning directory C:\Users\0zzda\IdeaProjects\PROG_1
[debug]       Load.loadUnit: mkEval took 0.5684ms
[debug] [Loading] Found non-root projects 
[debug] [Loading] Done in C:\Users\0zzda\IdeaProjects\PROG_1, returning: ()
[debug] deducing auto plugins based on known facts Set(Atom(sbt.plugins.CorePlugin)) and clauses Clauses(Clause(Atom(sbt.plugins.JvmPlugin),Set(Atom(sbt.plugins.IvyPlugin)))
[debug] Clause(Atom(sbt.ScriptedPlugin),Set(Atom(sbt.plugins.JvmPlugin)))
[debug] Clause(Atom(sbt.plugins.SbtPlugin),Set(Atom(sbt.ScriptedPlugin)))
[debug] Clause(Atom(sbt.plugins.SemanticdbPlugin),Set(Atom(sbt.plugins.JvmPlugin)))
[debug] Clause(Atom(sbt.plugins.JUnitXmlReportPlugin),Set(Atom(sbt.plugins.JvmPlugin)))
[debug] Clause(Atom(sbt.plugins.MiniDependencyTreePlugin),Set(Atom(sbt.plugins.JvmPlugin)))
[debug] Clause(Atom(org.jetbrains.sbt.StructurePlugin),Set(Atom(sbt.plugins.JvmPlugin)))
[debug] Clause(Atom(org.jetbrains.sbt.IdeaShellPlugin),Set(Atom(sbt.plugins.JvmPlugin)))
[debug] Clause(Atom(org.jetbrains.sbt.indices.SbtIntellijIndicesPlugin),Set(Atom(sbt.plugins.JvmPlugin)))
[debug] Clause(Atom(sbt.plugins.CorePlugin),Set(Atom(sbt.plugins.IvyPlugin)))
[debug] Clause(Atom(sbt.plugins.IvyPlugin),Set(Atom(sbt.plugins.JvmPlugin)))
[debug] Clause(Atom(sbt.plugins.JvmPlugin),Set(Atom(sbt.plugins.SemanticdbPlugin)))
[debug] Clause(Atom(sbt.plugins.JvmPlugin),Set(Atom(sbt.plugins.JUnitXmlReportPlugin)))
[debug] Clause(Atom(sbt.plugins.CorePlugin),Set(Atom(sbt.plugins.Giter8TemplatePlugin)))
[debug] Clause(Atom(sbt.plugins.JvmPlugin),Set(Atom(sbt.plugins.MiniDependencyTreePlugin)))
[debug] Clause(Atom(sbt.plugins.JvmPlugin),Set(Atom(org.jetbrains.sbt.StructurePlugin)))
[debug] Clause(Atom(sbt.plugins.JvmPlugin),Set(Atom(org.jetbrains.sbt.IdeaShellPlugin)))
[debug] Clause(And(Set(Atom(sbt.plugins.CorePlugin), Atom(sbt.plugins.JvmPlugin))),Set(Atom(org.jetbrains.sbt.indices.SbtIntellijIndicesPlugin))))
[debug]   :: deduced result: Matched(sbt.plugins.CorePlugin,sbt.plugins.Giter8TemplatePlugin,sbt.plugins.IvyPlugin,sbt.plugins.JvmPlugin,sbt.plugins.SemanticdbPlugin,org.jetbrains.sbt.indices.SbtIntellijIndicesPlugin,sbt.plugins.JUnitXmlReportPlugin,org.jetbrains.sbt.IdeaShellPlugin,org.jetbrains.sbt.StructurePlugin,sbt.plugins.MiniDependencyTreePlugin)
[debug] Plugins.deducer#function took 3.8474 ms
[info] loading settings for project prog_1 from build.sbt ...
[debug]         Load.resolveProject(prog_1) took 55.8062ms
[debug]       Load.loadTransitive: finalizeProject(Project(id prog_1, base: C:\Users\0zzda\IdeaProjects\PROG_1, plugins: List(<none>))) took 61.7262ms
[debug] [Loading] Done in C:\Users\0zzda\IdeaProjects\PROG_1, returning: (prog_1)
[debug]     Load.loadUnit: loadedProjectsRaw took 502.4206ms
[debug]     Load.loadUnit: cleanEvalClasses took 42.3866ms
[debug]   Load.loadUnit(file:/C:/Users/0zzda/IdeaProjects/PROG_1/, ...) took 2380.5649ms
[debug] Load.apply: load took 2382.9146ms
[debug] Load.apply: resolveProjects took 0.1823ms
[debug] Load.apply: finalTransforms took 67.0174ms
[debug] Load.apply: config.delegates took 0.7357ms
[debug] Load.apply: Def.make(settings)... took 340.9221ms
[debug] Load.apply: structureIndex took 66.3548ms
[debug] Load.apply: mkStreams took 0.0024ms
[info] set current project to PROG_1 (in build file:/C:/Users/0zzda/IdeaProjects/PROG_1/)
[debug] > Exec(sbtPopOnFailure, None, None)
[debug] > Exec(resumeFromFailure, None, None)
[debug] > Exec(notifyUsersAboutShell, None, None)
[debug] > Exec(iflast shell, None, None)
[debug] > Exec(idea-shell, None, None)
